<?xml version="1.0" encoding="UTF-8"?>
<testsuite name="CoffeeMachineTest" tests="1" skipped="0" failures="0" errors="0" timestamp="2022-08-04T10:43:04" hostname="FIRE-WS" time="0.484">
  <properties/>
  <testcase name="start" classname="CoffeeMachineTest" time="0.484"/>
  <system-out><![CDATA[?[1;31m
Start test 1?[0m
Write action (buy, fill, take, remaining, exit): 
> remaining
entering state = IDLE
The coffee machine has:
400 ml of water
540 ml of milk
120 g of coffee beans
9 disposable cups
550 of money
exit state = IDLE
Write action (buy, fill, take, remaining, exit): 
> buy
entering state = IDLE
exit state = BUYING
What do you want to buy? 1 - espresso, 2 - latte, 3 - cappuccino, back - to main menu: 
> 2
entering state = BUYING
I have enough resources, making you a coffee
exit state = IDLE
Write action (buy, fill, take, remaining, exit): 
> buy
entering state = IDLE
exit state = BUYING
What do you want to buy? 1 - espresso, 2 - latte, 3 - cappuccino, back - to main menu: 
> 2
entering state = BUYING
Sorry, not enough water!
exit state = IDLE
Write action (buy, fill, take, remaining, exit): 
> fill
entering state = IDLE
exit state = FILLING_WATER
Write how many ml of water you want to add: 
> 1000
entering state = FILLING_WATER
exit state = FILLING_MILK
Write how many ml of milk you want to add: 
> 0
entering state = FILLING_MILK
Write how many ml of milk you want to add: 
exit state = FILLING_COFFEE
Write how many grams of coffee beans you want to add: 
> 0
entering state = FILLING_COFFEE
Write how many grams of coffee beans you want to add: 
exit state = FILLING_CUPS
Write how many disposable cups of coffee you want to add: 
> 0
entering state = FILLING_CUPS
Write how many disposable cups of coffee you want to add: 
exit state = IDLE
Write action (buy, fill, take, remaining, exit): 
> buy
entering state = IDLE
exit state = BUYING
What do you want to buy? 1 - espresso, 2 - latte, 3 - cappuccino, back - to main menu: 
> 2
entering state = BUYING
I have enough resources, making you a coffee
exit state = IDLE
Write action (buy, fill, take, remaining, exit): 
> take
entering state = IDLE
I gave you 564
exit state = IDLE
Write action (buy, fill, take, remaining, exit): 
> remaining
entering state = IDLE
The coffee machine has:
700 ml of water
390 ml of milk
80 g of coffee beans
7 disposable cups
0 of money
exit state = IDLE
Write action (buy, fill, take, remaining, exit): 
> exit
entering state = IDLE
?[1;31m
Start test 2?[0m
Write action (buy, fill, take, remaining, exit): 
> remaining
entering state = IDLE
The coffee machine has:
400 ml of water
540 ml of milk
120 g of coffee beans
9 disposable cups
550 of money
exit state = IDLE
Write action (buy, fill, take, remaining, exit): 
> fill
entering state = IDLE
exit state = FILLING_WATER
Write how many ml of water you want to add: 
> 3000
entering state = FILLING_WATER
exit state = FILLING_MILK
Write how many ml of milk you want to add: 
> 3000
entering state = FILLING_MILK
Write how many ml of milk you want to add: 
exit state = FILLING_COFFEE
Write how many grams of coffee beans you want to add: 
> 3000
entering state = FILLING_COFFEE
Write how many grams of coffee beans you want to add: 
exit state = FILLING_CUPS
Write how many disposable cups of coffee you want to add: 
> 3000
entering state = FILLING_CUPS
Write how many disposable cups of coffee you want to add: 
exit state = IDLE
Write action (buy, fill, take, remaining, exit): 
> remaining
entering state = IDLE
The coffee machine has:
3400 ml of water
3540 ml of milk
3120 g of coffee beans
3009 disposable cups
550 of money
exit state = IDLE
Write action (buy, fill, take, remaining, exit): 
> exit
entering state = IDLE
?[1;31m
Start test 3?[0m
Write action (buy, fill, take, remaining, exit): 
> remaining
entering state = IDLE
The coffee machine has:
400 ml of water
540 ml of milk
120 g of coffee beans
9 disposable cups
550 of money
exit state = IDLE
Write action (buy, fill, take, remaining, exit): 
> buy
entering state = IDLE
exit state = BUYING
What do you want to buy? 1 - espresso, 2 - latte, 3 - cappuccino, back - to main menu: 
> 1
entering state = BUYING
I have enough resources, making you a coffee!
exit state = IDLE
Write action (buy, fill, take, remaining, exit): 
> remaining
entering state = IDLE
The coffee machine has:
150 ml of water
540 ml of milk
104 g of coffee beans
8 disposable cups
554 of money
exit state = IDLE
Write action (buy, fill, take, remaining, exit): 
> exit
entering state = IDLE
?[1;31m
Start test 4?[0m
Write action (buy, fill, take, remaining, exit): 
> remaining
entering state = IDLE
The coffee machine has:
400 ml of water
540 ml of milk
120 g of coffee beans
9 disposable cups
550 of money
exit state = IDLE
Write action (buy, fill, take, remaining, exit): 
> buy
entering state = IDLE
exit state = BUYING
What do you want to buy? 1 - espresso, 2 - latte, 3 - cappuccino, back - to main menu: 
> 2
entering state = BUYING
I have enough resources, making you a coffee
exit state = IDLE
Write action (buy, fill, take, remaining, exit): 
> remaining
entering state = IDLE
The coffee machine has:
50 ml of water
465 ml of milk
100 g of coffee beans
8 disposable cups
557 of money
exit state = IDLE
Write action (buy, fill, take, remaining, exit): 
> exit
entering state = IDLE
?[1;31m
Start test 5?[0m
Write action (buy, fill, take, remaining, exit): 
> remaining
entering state = IDLE
The coffee machine has:
400 ml of water
540 ml of milk
120 g of coffee beans
9 disposable cups
550 of money
exit state = IDLE
Write action (buy, fill, take, remaining, exit): 
> buy
entering state = IDLE
exit state = BUYING
What do you want to buy? 1 - espresso, 2 - latte, 3 - cappuccino, back - to main menu: 
> 3
entering state = BUYING
I have enough resources, making you a coffee!
exit state = IDLE
Write action (buy, fill, take, remaining, exit): 
> remaining
entering state = IDLE
The coffee machine has:
200 ml of water
440 ml of milk
108 g of coffee beans
8 disposable cups
556 of money
exit state = IDLE
Write action (buy, fill, take, remaining, exit): 
> exit
entering state = IDLE
?[1;31m
Start test 6?[0m
Write action (buy, fill, take, remaining, exit): 
> remaining
entering state = IDLE
The coffee machine has:
400 ml of water
540 ml of milk
120 g of coffee beans
9 disposable cups
550 of money
exit state = IDLE
Write action (buy, fill, take, remaining, exit): 
> take
entering state = IDLE
I gave you 550
exit state = IDLE
Write action (buy, fill, take, remaining, exit): 
> remaining
entering state = IDLE
The coffee machine has:
400 ml of water
540 ml of milk
120 g of coffee beans
9 disposable cups
0 of money
exit state = IDLE
Write action (buy, fill, take, remaining, exit): 
> exit
entering state = IDLE
?[1;31m
Start test 7?[0m
Write action (buy, fill, take, remaining, exit): 
> remaining
entering state = IDLE
The coffee machine has:
400 ml of water
540 ml of milk
120 g of coffee beans
9 disposable cups
550 of money
exit state = IDLE
Write action (buy, fill, take, remaining, exit): 
> buy
entering state = IDLE
exit state = BUYING
What do you want to buy? 1 - espresso, 2 - latte, 3 - cappuccino, back - to main menu: 
> back
entering state = BUYING
exit state = IDLE
Write action (buy, fill, take, remaining, exit): 
> remaining
entering state = IDLE
The coffee machine has:
400 ml of water
540 ml of milk
120 g of coffee beans
9 disposable cups
550 of money
exit state = IDLE
Write action (buy, fill, take, remaining, exit): 
> exit
entering state = IDLE
]]></system-out>
  <system-err><![CDATA[]]></system-err>
</testsuite>
